
Date: 6.10.2018 8:34:6
    	Url: /api/articles/readall
    	Data: [object Object]
 

Date: 6.10.2018 8:34:39
    	Url: /api/articles/readall
    	Data: [object Object]
 

Date: 6.10.2018 8:34:53
    	Url: /api/articles/read
    	Data: [object Object]
 

Date: 6.10.2018 8:35:5
    	Url: /api/articles/read
    	Data: [object Object]
 

Date: 6.10.2018 8:37:34
    	Url: /api/articles/read
    	Data: [object Object]
 

Date: 6.10.2018 8:37:46
    	Url: /api/articles/read
    	Data: [object Object]
 

Date: 6.10.2018 8:38:10
    	Url: /api/articles/read
    	Data: [object Object]
 

Date: 6.10.2018 8:44:47
    	Url: /api/articles/create
    	Data: [object Object]
 

Date: 6.10.2018 8:45:8
    	Url: /api/articles/readall
    	Data: [object Object]
 

Date: 6.10.2018 8:45:47
    	Url: /api/articles/delete
    	Data: [object Object]
 

Date: 6.10.2018 8:45:57
    	Url: /api/articles/readall
    	Data: [object Object]
 

Date: 6.10.2018 8:46:3
    	Url: /api/articles/readall
    	Data: [object Object]
 

Date: 6.10.2018 8:47:36
    	Url: /api/articles/delete
    	Data: [object Object]
 

Date: 6.10.2018 8:47:43
    	Url: /api/articles/readall
    	Data: [object Object]
 

Date: 6.10.2018 8:55:56
    	Url: /api/comments/create
    	Data: [object Object]
 

Date: 6.10.2018 8:58:18
    	Url: /api/comments/delete
    	Data: [object Object]
 

Date: 6.10.2018 9:14:48
    	Url: /api/articles/readall
    	Data: [object Object]
 

Date: 6.10.2018 9:14:58
    	Url: /api/articles/read
    	Data: [object Object]
 

Date: 6.10.2018 9:15:6
    	Url: /api/articles/create
    	Data: [object Object]
 

Date: 6.10.2018 9:15:17
    	Url: /api/articles/create
    	Data: [object Object]
 

Date: 6.10.2018 9:15:23
    	Url: /api/articles/create
    	Data: [object Object]
 

Date: 6.10.2018 9:15:31
    	Url: /api/articles/create
    	Data: [object Object]
 

Date: 6.10.2018 9:16:3
    	Url: /api/articles/delete
    	Data: [object Object]
 

Date: 6.10.2018 9:16:21
    	Url: /api/articles/delete
    	Data: [object Object]
 

Date: 6.10.2018 9:16:50
    	Url: /api/articles/delete
    	Data: [object Object]
 

Date: 6.10.2018 9:16:51
    	Url: /api/articles/delete
    	Data: [object Object]
 

Date: 6.10.2018 9:17:17
    	Url: /api/articles/delete
    	Data: [object Object]
 

Date: 6.10.2018 9:17:32
    	Url: /api/articles/create
    	Data: [object Object]
 

Date: 6.10.2018 9:19:20
    	Url: /api/articles/delete
    	Data: [object Object]
 

Date: 6.10.2018 9:19:45
    	Url: /api/comments/create
    	Data: [object Object]
 

Date: 6.10.2018 9:20:12
    	Url: /api/comments/delete
    	Data: [object Object]
 
